[04-May-2025 13:37:34 UTC] pagename: 
[04-May-2025 13:52:29 UTC] PHP Deprecated:  basename(): Passing null to parameter #1 ($path) of type string is deprecated in /Users/yuukichi/environment/mamp-wordpress/introduction/wp-content/themes/introduction/functions.php on line 24
[04-May-2025 13:52:30 UTC] PHP Deprecated:  basename(): Passing null to parameter #1 ($path) of type string is deprecated in /Users/yuukichi/environment/mamp-wordpress/introduction/wp-content/themes/introduction/functions.php on line 24
[04-May-2025 13:52:32 UTC] PHP Deprecated:  basename(): Passing null to parameter #1 ($path) of type string is deprecated in /Users/yuukichi/environment/mamp-wordpress/introduction/wp-content/themes/introduction/functions.php on line 24
[04-May-2025 13:52:32 UTC] PHP Deprecated:  basename(): Passing null to parameter #1 ($path) of type string is deprecated in /Users/yuukichi/environment/mamp-wordpress/introduction/wp-content/themes/introduction/functions.php on line 24
[04-May-2025 13:53:42 UTC] PHP Deprecated:  basename(): Passing null to parameter #1 ($path) of type string is deprecated in /Users/yuukichi/environment/mamp-wordpress/introduction/wp-content/themes/introduction/functions.php on line 24
[04-May-2025 13:53:42 UTC] PHP Deprecated:  basename(): Passing null to parameter #1 ($path) of type string is deprecated in /Users/yuukichi/environment/mamp-wordpress/introduction/wp-content/themes/introduction/functions.php on line 24
[04-May-2025 13:56:06 UTC] PHP Deprecated:  strpos(): Passing null to parameter #1 ($haystack) of type string is deprecated in /Users/yuukichi/environment/mamp-wordpress/introduction/wp-content/themes/introduction/functions.php on line 24
[04-May-2025 13:56:06 UTC] PHP Deprecated:  strpos(): Passing null to parameter #1 ($haystack) of type string is deprecated in /Users/yuukichi/environment/mamp-wordpress/introduction/wp-content/themes/introduction/functions.php on line 24
[04-May-2025 13:56:40 UTC] PHP Deprecated:  strpos(): Passing null to parameter #1 ($haystack) of type string is deprecated in /Users/yuukichi/environment/mamp-wordpress/introduction/wp-content/themes/introduction/functions.php on line 24
[04-May-2025 13:56:40 UTC] PHP Deprecated:  strpos(): Passing null to parameter #1 ($haystack) of type string is deprecated in /Users/yuukichi/environment/mamp-wordpress/introduction/wp-content/themes/introduction/functions.php on line 24
[04-May-2025 13:56:43 UTC] PHP Deprecated:  strpos(): Passing null to parameter #1 ($haystack) of type string is deprecated in /Users/yuukichi/environment/mamp-wordpress/introduction/wp-content/themes/introduction/functions.php on line 24
[04-May-2025 13:56:43 UTC] PHP Deprecated:  strpos(): Passing null to parameter #1 ($haystack) of type string is deprecated in /Users/yuukichi/environment/mamp-wordpress/introduction/wp-content/themes/introduction/functions.php on line 24
[04-May-2025 14:20:56 UTC] template: 
[05-May-2025 11:22:48 UTC] PHP Warning:  Undefined array key "id" in /Users/yuukichi/environment/mamp-wordpress/introduction/wp-content/plugins/plugin-original/plugin-chat.php on line 10
[05-May-2025 11:22:48 UTC] PHP Warning:  Undefined array key "name" in /Users/yuukichi/environment/mamp-wordpress/introduction/wp-content/plugins/plugin-original/plugin-chat.php on line 11
[05-May-2025 11:22:48 UTC] PHP Warning:  Undefined array key "message" in /Users/yuukichi/environment/mamp-wordpress/introduction/wp-content/plugins/plugin-original/plugin-chat.php on line 12
[05-May-2025 11:23:44 UTC] PHP Warning:  Undefined array key "id" in /Users/yuukichi/environment/mamp-wordpress/introduction/wp-content/plugins/plugin-original/plugin-chat.php on line 10
[05-May-2025 11:23:44 UTC] PHP Warning:  Undefined array key "name" in /Users/yuukichi/environment/mamp-wordpress/introduction/wp-content/plugins/plugin-original/plugin-chat.php on line 11
[05-May-2025 11:23:44 UTC] PHP Warning:  Undefined array key "message" in /Users/yuukichi/environment/mamp-wordpress/introduction/wp-content/plugins/plugin-original/plugin-chat.php on line 12
[05-May-2025 11:24:59 UTC] PHP Warning:  Undefined array key "id" in /Users/yuukichi/environment/mamp-wordpress/introduction/wp-content/plugins/plugin-original/plugin-chat.php on line 10
[05-May-2025 11:24:59 UTC] PHP Warning:  Undefined array key "name" in /Users/yuukichi/environment/mamp-wordpress/introduction/wp-content/plugins/plugin-original/plugin-chat.php on line 11
[05-May-2025 11:24:59 UTC] PHP Warning:  Undefined array key "message" in /Users/yuukichi/environment/mamp-wordpress/introduction/wp-content/plugins/plugin-original/plugin-chat.php on line 12
[05-May-2025 11:24:59 UTC] PHP Warning:  Array to string conversion in /Users/yuukichi/environment/mamp-wordpress/introduction/wp-content/plugins/plugin-original/plugin-chat.php on line 18
[05-May-2025 11:25:21 UTC] PHP Warning:  Undefined array key "id" in /Users/yuukichi/environment/mamp-wordpress/introduction/wp-content/plugins/plugin-original/plugin-chat.php on line 10
[05-May-2025 11:25:21 UTC] PHP Warning:  Undefined array key "name" in /Users/yuukichi/environment/mamp-wordpress/introduction/wp-content/plugins/plugin-original/plugin-chat.php on line 11
[05-May-2025 11:25:21 UTC] PHP Warning:  Undefined array key "message" in /Users/yuukichi/environment/mamp-wordpress/introduction/wp-content/plugins/plugin-original/plugin-chat.php on line 12
